빌드 시작: 2017-04-02 오후 4:26:51
     1>2 노드의 "D:\게임프로그래밍_강사홍서준\Framework_20170402\Framework\Framework.vcxproj" 프로젝트(Build 대상)입니다.
     1>ClCompile:
         C:\Program Files (x86)\Microsoft Visual Studio 12.0\VC\bin\CL.exe /c /Zi /nologo /W3 /WX- /sdl /O2 /Oi /Oy- /GL /D WIN32 /D NDEBUG /D _WINDOWS /D _UNICODE /D UNICODE /Gm- /EHsc /MD /GS /Gy /fp:precise /Zc:wchar_t /Zc:forScope /Yu"stdafx.h" /Fp"Release\Framework.pch" /Fo"Release\\" /Fd"Release\vc120.pdb" /Gd /TP /analyze- /errorReport:prompt BossMonster.cpp
         BossMonster.cpp
       Link:
         C:\Program Files (x86)\Microsoft Visual Studio 12.0\VC\bin\link.exe /ERRORREPORT:PROMPT /OUT:"D:\게임프로그래밍_강사홍서준\Framework_20170402\Release\Framework.exe" /INCREMENTAL:NO /NOLOGO kernel32.lib user32.lib gdi32.lib winspool.lib comdlg32.lib advapi32.lib shell32.lib ole32.lib oleaut32.lib uuid.lib odbc32.lib odbccp32.lib /MANIFEST /MANIFESTUAC:"level='asInvoker' uiAccess='false'" /manifest:embed /DEBUG /PDB:"D:\게임프로그래밍_강사홍서준\Framework_20170402\Release\Framework.pdb" /SUBSYSTEM:WINDOWS /OPT:REF /OPT:ICF /LTCG /TLBID:1 /DYNAMICBASE /NXCOMPAT /IMPLIB:"D:\게임프로그래밍_강사홍서준\Framework_20170402\Release\Framework.lib" /MACHINE:X86 /SAFESEH Release\Framework.res
         Release\AlphaEffect.obj
         Release\BackGround.obj
         Release\BackGroundObject.obj
         Release\BossMonster.obj
         Release\Bullet.obj
         Release\DeviceMgr.obj
         Release\Effect.obj
         Release\FollowMonster.obj
         Release\Framework.obj
         Release\HP.obj
         Release\Item.obj
         Release\LastBoss.obj
         Release\MainGame.obj
         Release\MenuButton.obj
         Release\Monster.obj
         Release\MonsterBullet.obj
         Release\Mouse.obj
         Release\Obj.obj
         Release\ObjMgr.obj
         Release\Player.obj
         Release\Stage.obj
         Release\StageOne.obj
         Release\StageThree.obj
         Release\StageTwo.obj
         Release\stdafx.obj
         Release\Texture.obj
         Release\TextureMgr.obj
         Release\TimeMgr.obj
         코드를 생성하고 있습니다.
         코드를 생성했습니다.
         Framework.vcxproj -> D:\게임프로그래밍_강사홍서준\Framework_20170402\Release\Framework.exe
     1>"D:\게임프로그래밍_강사홍서준\Framework_20170402\Framework\Framework.vcxproj" 프로젝트를 빌드했습니다(Build 대상).

빌드했습니다.

경과 시간: 00:00:00.81
