빌드 시작: 2017-12-24 오후 3:21:08
     1>2 노드의 "C:\Users\USER\Documents\겜메강의(홍)\Framework_20170402\Framework\Framework.vcxproj" 프로젝트(Build 대상)입니다.
     1>ClCompile:
         C:\Program Files (x86)\Microsoft Visual Studio 12.0\VC\bin\CL.exe /c /ZI /nologo /W3 /WX- /sdl /Od /Oy- /D WIN32 /D _DEBUG /D _WINDOWS /D _UNICODE /D UNICODE /Gm /EHsc /RTC1 /MDd /GS /fp:precise /Zc:wchar_t /Zc:forScope /Yu"stdafx.h" /Fp"Debug\Framework.pch" /Fo"Debug\\" /Fd"Debug\vc120.pdb" /Gd /TP /analyze- /errorReport:prompt Player.cpp
         Player.cpp
       Link:
         C:\Program Files (x86)\Microsoft Visual Studio 12.0\VC\bin\link.exe /ERRORREPORT:PROMPT /OUT:"C:\Users\USER\Documents\겜메강의(홍)\Framework_20170402\Debug\Framework.exe" /INCREMENTAL /NOLOGO kernel32.lib user32.lib gdi32.lib winspool.lib comdlg32.lib advapi32.lib shell32.lib ole32.lib oleaut32.lib uuid.lib odbc32.lib odbccp32.lib /MANIFEST /MANIFESTUAC:"level='asInvoker' uiAccess='false'" /manifest:embed /DEBUG /PDB:"C:\Users\USER\Documents\겜메강의(홍)\Framework_20170402\Debug\Framework.pdb" /SUBSYSTEM:WINDOWS /TLBID:1 /DYNAMICBASE /NXCOMPAT /IMPLIB:"C:\Users\USER\Documents\겜메강의(홍)\Framework_20170402\Debug\Framework.lib" /MACHINE:X86 Debug\Framework.res
         Debug\AlphaEffect.obj
         Debug\BackGround.obj
         Debug\BackGroundObject.obj
         Debug\BossMonster.obj
         Debug\Bullet.obj
         Debug\DeviceMgr.obj
         Debug\Effect.obj
         Debug\FollowMonster.obj
         Debug\Framework.obj
         Debug\HowToButton.obj
         Debug\HP.obj
         Debug\Item.obj
         Debug\LastBoss.obj
         Debug\MainGame.obj
         Debug\MenuButton.obj
         Debug\Monster.obj
         Debug\MonsterBullet.obj
         Debug\Mouse.obj
         Debug\Obj.obj
         Debug\ObjMgr.obj
         Debug\Player.obj
         Debug\Stage.obj
         Debug\StageOne.obj
         Debug\StageThree.obj
         Debug\StageTwo.obj
         Debug\stdafx.obj
         Debug\Texture.obj
         Debug\TextureMgr.obj
         Debug\TimeMgr.obj
         Framework.vcxproj -> C:\Users\USER\Documents\겜메강의(홍)\Framework_20170402\Debug\Framework.exe
     1>"C:\Users\USER\Documents\겜메강의(홍)\Framework_20170402\Framework\Framework.vcxproj" 프로젝트를 빌드했습니다(Build 대상).

빌드했습니다.

경과 시간: 00:00:00.44
