d:\게임프로그래밍_강사홍서준\framework_20170323\framework\debug\vc120.pdb
d:\게임프로그래밍_강사홍서준\framework_20170323\framework\debug\vc120.idb
d:\게임프로그래밍_강사홍서준\framework_20170323\framework\debug\framework.pch
d:\게임프로그래밍_강사홍서준\framework_20170323\framework\debug\stdafx.obj
d:\게임프로그래밍_강사홍서준\framework_20170323\framework\debug\bullet.obj
d:\게임프로그래밍_강사홍서준\framework_20170323\framework\debug\devicemgr.obj
d:\게임프로그래밍_강사홍서준\framework_20170323\framework\debug\framework.obj
d:\게임프로그래밍_강사홍서준\framework_20170323\framework\debug\monster.obj
d:\게임프로그래밍_강사홍서준\framework_20170323\framework\debug\obj.obj
d:\게임프로그래밍_강사홍서준\framework_20170323\framework\debug\player.obj
d:\게임프로그래밍_강사홍서준\framework_20170323\framework\debug\timemgr.obj
d:\게임프로그래밍_강사홍서준\framework_20170323\framework\debug\maingame.obj
d:\게임프로그래밍_강사홍서준\framework_20170323\framework\debug\texturemgr.obj
d:\게임프로그래밍_강사홍서준\framework_20170323\framework\debug\texture.obj
d:\게임프로그래밍_강사홍서준\framework_20170323\framework\debug\framework.res
d:\게임프로그래밍_강사홍서준\framework_20170323\framework\debug\vc140.idb
d:\게임프로그래밍_강사홍서준\framework_20170323\framework\debug\vc140.pdb
d:\게임프로그래밍_강사홍서준\framework_20170323\debug\framework.pdb
d:\게임프로그래밍_강사홍서준\framework_20170323\framework\debug\framework.tlog\cl.command.1.tlog
d:\게임프로그래밍_강사홍서준\framework_20170323\framework\debug\framework.tlog\cl.read.1.tlog
d:\게임프로그래밍_강사홍서준\framework_20170323\framework\debug\framework.tlog\cl.write.1.tlog
d:\게임프로그래밍_강사홍서준\framework_20170323\framework\debug\framework.tlog\link-cvtres.read.1.tlog
d:\게임프로그래밍_강사홍서준\framework_20170323\framework\debug\framework.tlog\link-cvtres.write.1.tlog
d:\게임프로그래밍_강사홍서준\framework_20170323\framework\debug\framework.tlog\link-rc.read.1.tlog
d:\게임프로그래밍_강사홍서준\framework_20170323\framework\debug\framework.tlog\link-rc.write.1.tlog
d:\게임프로그래밍_강사홍서준\framework_20170323\framework\debug\framework.tlog\link.55852-cvtres.read.1.tlog
d:\게임프로그래밍_강사홍서준\framework_20170323\framework\debug\framework.tlog\link.55852-cvtres.write.1.tlog
d:\게임프로그래밍_강사홍서준\framework_20170323\framework\debug\framework.tlog\link.55852-rc.read.1.tlog
d:\게임프로그래밍_강사홍서준\framework_20170323\framework\debug\framework.tlog\link.55852-rc.write.1.tlog
d:\게임프로그래밍_강사홍서준\framework_20170323\framework\debug\framework.tlog\link.55852.read.1.tlog
d:\게임프로그래밍_강사홍서준\framework_20170323\framework\debug\framework.tlog\link.55852.write.1.tlog
d:\게임프로그래밍_강사홍서준\framework_20170323\framework\debug\framework.tlog\link.command.1.tlog
d:\게임프로그래밍_강사홍서준\framework_20170323\framework\debug\framework.tlog\link.read.1.tlog
d:\게임프로그래밍_강사홍서준\framework_20170323\framework\debug\framework.tlog\link.write.1.tlog
d:\게임프로그래밍_강사홍서준\framework_20170323\framework\debug\framework.tlog\rc.command.1.tlog
d:\게임프로그래밍_강사홍서준\framework_20170323\framework\debug\framework.tlog\rc.read.1.tlog
d:\게임프로그래밍_강사홍서준\framework_20170323\framework\debug\framework.tlog\rc.write.1.tlog
